  Building GameAssembly.dll with MsvcWinRtToolChain
  	Msvc Install Version: 15.0
  	Msvc Install SDK Directory: C:\Program Files (x86)\Windows Kits\10
  	Msvc Linker Path: C:\Program Files (x86)\Microsoft Visual Studio\2019\Community\VC\Tools\MSVC\14.26.28801\bin\HostX64\ARM\link.exe
  	Msvc Compiler Path: C:\Program Files (x86)\Microsoft Visual Studio\2019\Community\VC\Tools\MSVC\14.26.28801\bin\HostX64\ARM\cl.exe
  
  	Output directory: D:\Repo\ROS_ABB_Unity\ROSRobotArm15\UWP\build\bin\ARM\Master
  	Cache directory: D:\Repo\ROS_ABB_Unity\ROSRobotArm15\UWP\build\obj\il2cppOutputProject\ARM\Master
  Il2CppGenericMethodDefinitions.c
  Il2CppGenericMethodTable.c
  Il2CppGenericClassTable.c
  Il2CppInteropDataTable.cpp
  Il2CppGenericMethodPointerTable.cpp
  Il2CppCompilerCalculateTypeValues.cpp
  Il2CppCompilerCalculateTypeValues2.cpp
  Il2CppGenericInstDefinitions.c
  Il2CppMetadataUsage.c
  Il2CppCompilerCalculateTypeValues3.cpp
  mscorlib_CodeGen.c
  GenericMethods2.cpp
  Il2CppCompilerCalculateTypeValues4.cpp
  Il2CppCompilerCalculateTypeValues1.cpp
  GenericMethods7.cpp
  Unity.TextMeshPro.cpp
  Generics71.cpp
  Il2CppInvokerTable.cpp
  Il2CppAttributes.cpp
  GenericMethods13.cpp
  Microsoft.MixedReality.Toolkit.Examples1.cpp
  Microsoft.MixedReality.Toolkit.SDK.cpp
  Vuforia.UnityExtensions8.cpp
  GenericMethods8.cpp
  GenericMethods14.cpp
  GenericMethods12.cpp
  Microsoft.MixedReality.Toolkit.Examples.cpp
  Il2CppTypeDefinitions.c
  mscorlib15.cpp
  System.Xml4.cpp
  Microsoft.MixedReality.Toolkit.SDK3.cpp
  Microsoft.MixedReality.Toolkit.SDK5.cpp
  Unity.TextMeshPro1.cpp
  Generics13.cpp
  GenericMethods10.cpp
  Microsoft.MixedReality.Toolkit1.cpp
  Vuforia.UnityExtensions2.cpp
  Microsoft.MixedReality.Toolkit.SDK4.cpp
  UnityEngine.UIElementsModule.cpp
  Vuforia.UnityExtensions5.cpp
  Generics12.cpp
  Il2CppComCallableWrappers1.cpp
  Newtonsoft.Json1.cpp
  Newtonsoft.Json.cpp
  Microsoft.MixedReality.Toolkit.SDK1.cpp
  Assembly-CSharp.cpp
  Generics34.cpp
  Generics5.cpp
  mscorlib6.cpp
  Vuforia.UnityExtensions9.cpp
  Vuforia.UnityExtensions.cpp
  Generics3.cpp
  UnresolvedVirtualCallStubs.cpp
  Microsoft.MixedReality.Toolkit.Services.InputSystem.cpp
  Microsoft.MixedReality.Toolkit.SDK2.cpp
  mscorlib5.cpp
  UnityEngine.UI.cpp
  Microsoft.MixedReality.Toolkit3.cpp
  Generics4.cpp
  Microsoft.MixedReality.Toolkit.cpp
  Generics82.cpp
  System5.cpp
  Generics15.cpp
  GenericMethods1.cpp
  Vuforia.UnityExtensions1.cpp
  Vuforia.UnityExtensions3.cpp
  Microsoft.MixedReality.Toolkit4.cpp
  System.Xml.cpp
  System.cpp
  System.Xml3.cpp
  GenericMethods6.cpp
  mscorlib14.cpp
  mscorlib12.cpp
  Unity.TextMeshPro2.cpp
  Microsoft.MixedReality.Toolkit2.cpp
  GenericMethods11.cpp
  System4.cpp
  Generics16.cpp
  System.Xml1.cpp
  mscorlib13.cpp
  mscorlib20.cpp
  System6.cpp
  Generics14.cpp
  Assembly-CSharp-firstpass1.cpp
  Vuforia.UnityExtensions7.cpp
  System3.cpp
  System.Core2.cpp
  Generics2.cpp
  GenericMethods3.cpp
  GenericMethods9.cpp
  Il2CppComCallableWrappers2.cpp
  GenericMethods.cpp
  Vuforia.UnityExtensions10.cpp
  System2.cpp
  mscorlib8.cpp
  Generics70.cpp
  mscorlib10.cpp
  Vuforia.UnityExtensions_CodeGen.c
  Newtonsoft.Json2.cpp
  System.Core.cpp
  Il2CppComCallableWrappers18.cpp
  Il2CppComCallableWrappers19.cpp
  Vuforia.UnityExtensions6.cpp
  Generics87.cpp
  mscorlib9.cpp
  mscorlib4.cpp
  UnityEngine.UI1.cpp
  mscorlib21.cpp
  Assembly-CSharp-firstpass.cpp
  mscorlib.cpp
  mscorlib2.cpp
  Generics.cpp
  mscorlib1.cpp
  UnityEngine.UI2.cpp
  GenericMethods5.cpp
  Generics42.cpp
  System.Core3.cpp
  Generics83.cpp
  mscorlib16.cpp
  Generics1.cpp
  Generics17.cpp
  System.Core1.cpp
  mscorlib3.cpp
  Il2CppComCallableWrappers3.cpp
  Generics74.cpp
  Il2CppComCallableWrappers34.cpp
  System1.cpp
  Generics72.cpp
  Assembly-CSharp-firstpass5.cpp
  Generics44.cpp
  Il2CppComCallableWrappers.cpp
  Vuforia.UnityExtensions4.cpp
  System.Xml2.cpp
  mscorlib7.cpp
  Generics59.cpp
  Generics81.cpp
  Generics57.cpp
  Newtonsoft.Json3.cpp
  Generics86.cpp
  Il2CppComCallableWrappers22.cpp
  Assembly-CSharp-firstpass2.cpp
  Generics73.cpp
  Il2CppComCallableWrappers23.cpp
  Il2CppComCallableWrappers41.cpp
  Il2CppComCallableWrappers40.cpp
  UnityEngine.CoreModule.cpp
  Il2CppComCallableWrappers39.cpp
  Il2CppComCallableWrappers44.cpp
  Il2CppComCallableWrappers29.cpp
  Il2CppComCallableWrappers49.cpp
  mscorlib17.cpp
  Il2CppComCallableWrappers45.cpp
  UnityEngine.CoreModule1.cpp
  mscorlib11.cpp
  Il2CppComCallableWrappers42.cpp
  Generics35.cpp
  Il2CppComCallableWrappers21.cpp
  mscorlib18.cpp
  UnityEngine.CoreModule2.cpp
  Il2CppComCallableWrappers46.cpp
  Il2CppComCallableWrappers17.cpp
  Il2CppComCallableWrappers16.cpp
  Il2CppComCallableWrappers26.cpp
  Il2CppComCallableWrappers55.cpp
  Il2CppComCallableWrappers48.cpp
  Il2CppComCallableWrappers7.cpp
  Unity.TextMeshPro3.cpp
  Generics45.cpp
  Il2CppComCallableWrappers52.cpp
  Il2CppComCallableWrappers33.cpp
  Generics58.cpp
  Generics65.cpp
  Il2CppComCallableWrappers36.cpp
  Generics43.cpp
  Il2CppComCallableWrappers50.cpp
  Il2CppComCallableWrappers30.cpp
  Il2CppComCallableWrappers51.cpp
  Il2CppComCallableWrappers53.cpp
  Generics55.cpp
  Generics75.cpp
  Generics61.cpp
  Assembly-CSharp-firstpass4.cpp
  Il2CppComCallableWrappers38.cpp
  Generics52.cpp
  Generics60.cpp
  Il2CppComCallableWrappers47.cpp
  Assembly-CSharp-firstpass3.cpp
  Il2CppComCallableWrappers54.cpp
  Il2CppComCallableWrappers27.cpp
  Il2CppComCallableWrappers12.cpp
  Il2CppComCallableWrappers28.cpp
  Il2CppComCallableWrappers25.cpp
  mscorlib19.cpp
  Il2CppComCallableWrappers37.cpp
  Il2CppComCallableWrappers5.cpp
  Mono.Security.cpp
  GenericMethods4.cpp
  Il2CppComCallableWrappers43.cpp
  Il2CppComCallableWrappers10.cpp
  Generics88.cpp
  Generics62.cpp
  Il2CppComCallableWrappers24.cpp
  Il2CppComCallableWrappers20.cpp
  Il2CppComCallableWrappers13.cpp
  Il2CppComCallableWrappers35.cpp
  Generics56.cpp
  Generics85.cpp
  Generics92.cpp
  Il2CppProjectedComCallableWrapperMethods6.cpp
  Il2CppComCallableWrappers32.cpp
  Generics90.cpp
  Generics80.cpp
  Il2CppComCallableWrappers11.cpp
  Generics84.cpp
  Il2CppComCallableWrappers31.cpp
  Generics11.cpp
  Generics76.cpp
  Generics77.cpp
  Generics18.cpp
  Il2CppComCallableWrappers56.cpp
  Il2CppComCallableWrappers6.cpp
  Microsoft.MixedReality.Toolkit.Providers.WindowsMixedReality.cpp
  Generics67.cpp
  Il2CppComCallableWrappers15.cpp
  Generics6.cpp
  Generics66.cpp
  Generics30.cpp
  Generics63.cpp
  Generics49.cpp
  Generics78.cpp
  Generics89.cpp
  Microsoft.MixedReality.Toolkit.Gltf.cpp
  Generics79.cpp
  Generics68.cpp
  Il2CppGenericAdjustorThunkTable.cpp
  Generics91.cpp
  Generics25.cpp
  Generics50.cpp
  Generics51.cpp
  Generics24.cpp
  Generics32.cpp
  Generics31.cpp
  Generics64.cpp
  Generics22.cpp
  Generics26.cpp
  Generics41.cpp
  Il2CppProjectedComCallableWrapperMethods4.cpp
  Generics69.cpp
  Il2CppProjectedComCallableWrapperMethods2.cpp
  System.Xml5.cpp
  Generics46.cpp
  Generics23.cpp
  Il2CppComCallableWrappers4.cpp
  Generics19.cpp
  Il2CppProjectedComCallableWrapperMethods3.cpp
  Generics27.cpp
  Generics20.cpp
  Il2CppProjectedComCallableWrapperMethods.cpp
  Il2CppProjectedComCallableWrapperMethods1.cpp
  Il2CppProjectedComCallableWrapperMethods5.cpp
  Generics21.cpp
  Generics38.cpp
  Generics33.cpp
  Generics37.cpp
  Generics54.cpp
  Generics48.cpp
  Il2CppComCallableWrappers9.cpp
  Generics28.cpp
  Il2CppComCallableWrappers14.cpp
  Il2CppComCallableWrappers8.cpp
  Generics7.cpp
  Generics29.cpp
  Il2CppCompilerCalculateTypeValuesTable.cpp
  Generics39.cpp
  GenericMethods15.cpp
  Generics9.cpp
  Generics36.cpp
  Generics47.cpp
  Generics40.cpp
  Generics10.cpp
  Microsoft.MixedReality.Toolkit.SDK_CodeGen.c
  Generics8.cpp
  System_CodeGen.c
  mscorlib22.cpp
  Generics53.cpp
  Il2CppGenericComDefinitions.cpp
  Microsoft.MixedReality.Toolkit_CodeGen.c
  I18N.Rare.cpp
  System.Xml_CodeGen.c
  UnityEngine.VRModule.cpp
  Microsoft.MixedReality.Toolkit.SDK6.cpp
  System.Core_CodeGen.c
  UnityEngine.IMGUIModule.cpp
  UnityEngine.CoreModule_CodeGen.c
  Microsoft.MixedReality.Toolkit.Services.SceneSystem.cpp
  Microsoft.MixedReality.Toolkit.Providers.XRSDK.cpp
  WindowsRuntimeMetadata.cpp
  System.Runtime.WindowsRuntime.cpp
  System.Xml.Linq.cpp
  PathCreator.cpp
  UnityEngine.UI3.cpp
  Newtonsoft.Json.Bson.cpp
  Microsoft.MixedReality.Toolkit.Extensions.SceneTransitionService.cpp
  Newtonsoft.Json_CodeGen.c
  I18N.CJK.cpp
  System.Core4.cpp
  Microsoft.MixedReality.Toolkit.Services.DiagnosticsSystem.cpp
  I18N.West.cpp
  Microsoft.MixedReality.Toolkit.Services.InputAnimation.cpp
  I18N.cpp
  UnityEngine.AndroidJNIModule.cpp
  Microsoft.MixedReality.Toolkit.Services.InputSimulation.cpp
  I18N.Rare1.cpp
  UnityEngine.XRModule.cpp
  Assembly-CSharp-firstpass_CodeGen.c
  Assembly-CSharp1.cpp
  UnityEngine.UI_CodeGen.c
  System.Numerics.cpp
  char-conversions.cpp
  Il2CppProjectedComCallableWrapperMethods7.cpp
  Microsoft.MixedReality.Toolkit.Extensions.HandPhysics.cpp
  Unity.TextMeshPro_CodeGen.c
  Microsoft.MixedReality.Toolkit.Providers.WindowsVoiceInput.cpp
  VuforiaScripts.cpp
  RosBridgeClientUWP.cpp
  UnityEngine.UnityWebRequestModule.cpp
  System7.cpp
  UnityEngine.PhysicsModule.cpp
  UnityEngine.AnimationModule.cpp
  Microsoft.MixedReality.Toolkit.Providers.WindowsMixedReality.Shared.cpp
  Microsoft.MixedReality.Toolkit.Examples_CodeGen.c
  Microsoft.MixedReality.Toolkit.Providers.XRSDK.WindowsMixedReality.cpp
  UnityEngine.TextCoreModule.cpp
  I18N.Other.cpp
  Microsoft.MixedReality.Toolkit.Async.cpp
  UnityEngine.TerrainModule.cpp
  Microsoft.MixedReality.Toolkit.Services.InputSystem1.cpp
  UnityEngine.UIElementsModule1.cpp
  UnityEngine.UIElementsModule_CodeGen.c
  I18N.MidEast.cpp
  UnityEngine.UIModule.cpp
  Mono.Security1.cpp
  UnityEngine.TextRenderingModule.cpp
  UnityEngine.CoreModule3.cpp
  Generics93.cpp
  Microsoft.MixedReality.Toolkit.Demos.Gltf.cpp
  UnityEngine.SpatialTracking.cpp
  Microsoft.MixedReality.Toolkit.Services.TeleportSystem.cpp
  UnityEngine.ParticleSystemModule.cpp
  UnityEngine.Physics2DModule.cpp
  Microsoft.MixedReality.Toolkit.Services.InputSystem_CodeGen.c
  Unity.XR.Management.cpp
  UnityEngine.SharedInternalsModule.cpp
  UnityEngine.AudioModule.cpp
  UnityEngine.InputLegacyModule.cpp
  WindowsRuntimeMetadata_CodeGen.c
  Vuforia.UnityExtensions11.cpp
  Microsoft.MixedReality.Toolkit.Services.SpatialAwarenessSystem.cpp
  Assembly-CSharp_CodeGen.c
  Microsoft.MixedReality.Toolkit.Services.CameraSystem.cpp
  Mono.Security_CodeGen.c
  UnityEngine.VRModule_CodeGen.c
  UnityEngine.IMGUIModule_CodeGen.c
  Microsoft.MixedReality.Toolkit.Demos.UX.Interactables.cpp
  UnityEngine.SubsystemsModule.cpp
  Microsoft.MixedReality.Toolkit.Extensions.Tracking.cpp
  Il2CppComCallableWrappers57.cpp
  deflate.c
  UnityEngine.PhysicsModule_CodeGen.c
  Microsoft.MixedReality.Toolkit.Services.BoundarySystem.cpp
  UnityEngine.TilemapModule.cpp
  System.Runtime.WindowsRuntime_CodeGen.c
  UnityEngine.AIModule.cpp
  UnityEngine.VideoModule.cpp
  UnityEngine.UnityAnalyticsModule.cpp
  Microsoft.MixedReality.Toolkit.Providers.WindowsMixedReality_CodeGen.c
  I18N.Rare_CodeGen.c
  Microsoft.MixedReality.Toolkit.Services.SceneSystem_CodeGen.c
  System.Xml.Linq_CodeGen.c
  Microsoft.MixedReality.Toolkit.Gltf_CodeGen.c
  UnityEngine.AnimationModule_CodeGen.c
  UnityEngine.VFXModule.cpp
  UnityEngine.AndroidJNIModule_CodeGen.c
  inflate.c
  I18N.CJK_CodeGen.c
  UnityEngine.XRModule_CodeGen.c
  trees.c
  UnityEngine.TextCoreModule_CodeGen.c
  Microsoft.MixedReality.Toolkit.Extensions.SceneTransitionService_CodeGen.c
  System.Configuration.cpp
  UnityEngine.InputModule.cpp
  Microsoft.MixedReality.Toolkit.Services.InputSimulation_CodeGen.c
  Newtonsoft.Json.Bson_CodeGen.c
  PathCreator_CodeGen.c
  Microsoft.MixedReality.Toolkit.Services.InputAnimation_CodeGen.c
  UnityEngine.JSONSerializeModule.cpp
  Microsoft.MixedReality.Toolkit.Tools.Runtime.cpp
  UnityEngine.UnityWebRequestModule_CodeGen.c
  Microsoft.MixedReality.Toolkit.Async_CodeGen.c
  xamarin_getifaddrs.c
  Microsoft.MixedReality.Toolkit.Services.DiagnosticsSystem_CodeGen.c
  UnityEngine.AssetBundleModule.cpp
  I18N_CodeGen.c
  VuforiaScripts_CodeGen.c
  UnityEngine.ParticleSystemModule_CodeGen.c
  Urdf.cpp
  RosBridgeClientUWP_CodeGen.c
  UnityEngine.UIModule_CodeGen.c
  System.Runtime.WindowsRuntime.UI.Xaml.cpp
  I18N.West_CodeGen.c
  UnityEngine.ARModule.cpp
  System.Numerics_CodeGen.c
  Microsoft.MixedReality.Toolkit.Providers.WindowsVoiceInput_CodeGen.c
  Microsoft.MixedReality.Toolkit.Demos.InspectorFields.cpp
  infback.c
  I18N.Other_CodeGen.c
  UnityEngine.AudioModule_CodeGen.c
  System.Runtime.Serialization.cpp
  il2cpp-api.cpp
  gzread.c
  UnityEngine.DirectorModule.cpp
  gzwrite.c
  Microsoft.MixedReality.Toolkit.Providers.XRSDK_CodeGen.c
  UnityEngine.TextRenderingModule_CodeGen.c
  Unity.XR.Management_CodeGen.c
  UnityEngine.SharedInternalsModule_CodeGen.c
  Microsoft.MixedReality.Toolkit.Providers.WindowsMixedReality.Shared_CodeGen.c
  UnityEngine.Physics2DModule_CodeGen.c
  Microsoft.MixedReality.Toolkit.Extensions.HandPhysics_CodeGen.c
  gzlib.c
  UnityEngine.TerrainModule_CodeGen.c
  UnityEngine.InputLegacyModule_CodeGen.c
  crc32.c
  inftrees.c
  Il2CppCodeRegistration.cpp
  Microsoft.MixedReality.Toolkit.Providers.XRSDK.WindowsMixedReality_CodeGen.c
  UnityEngine.SpatialTracking_CodeGen.c
  UnityEngine.SubsystemsModule_CodeGen.c
  inffast.c
  Microsoft.MixedReality.Toolkit.Extensions.Tracking_CodeGen.c
  I18N.MidEast_CodeGen.c
  Microsoft.MixedReality.Toolkit.Services.SpatialAwarenessSystem_CodeGen.c
  UnityEngine.TilemapModule_CodeGen.c
  UnityEngine.ImageConversionModule.cpp
  Microsoft.MixedReality.Toolkit.Services.TeleportSystem_CodeGen.c
  UnityEngine.VideoModule_CodeGen.c
  UnityEngine.AIModule_CodeGen.c
  Microsoft.MixedReality.Toolkit.Demos.UX.Interactables_CodeGen.c
  Il2CppReversePInvokeWrapperTable.cpp
  UnityEngine.UnityAnalyticsModule_CodeGen.c
  zutil.c
  Microsoft.MixedReality.Toolkit.Services.CameraSystem_CodeGen.c
  System.Configuration_CodeGen.c
  Microsoft.MixedReality.Toolkit.Demos.Gltf_CodeGen.c
  UnityEngine.GridModule.cpp
  UnityEngine.VFXModule_CodeGen.c
  adler32.c
  UnityEngine.InputModule_CodeGen.c
  Microsoft.MixedReality.Toolkit.Services.BoundarySystem_CodeGen.c
  uncompr.c
  compress.c
  Urdf_CodeGen.c
  System.Runtime.Serialization_CodeGen.c
  System.Runtime.WindowsRuntime.UI.Xaml_CodeGen.c
  UnityEngine.ARModule_CodeGen.c
  UnityAdsStubs.cpp
  UnityEngine.JSONSerializeModule_CodeGen.c
  Microsoft.MixedReality.Toolkit.Demos.InspectorFields_CodeGen.c
  UnityEngine.DirectorModule_CodeGen.c
  Microsoft.MixedReality.Toolkit.Tools.Runtime_CodeGen.c
  UnityEngine.ImageConversionModule_CodeGen.c
  krait_signal_handler.c
  Il2CppMetadataRegistration.c
  UnityEngine.AssetBundleModule_CodeGen.c
  Lump_libil2cpp_icalls.cpp
  System.Diagnostics.Debug.cpp
  Lump_libil2cpp_utils.cpp
  System.Collections.cpp
  System.IO.cpp
  Lump_libil2cpp_metadata.cpp
  System.IO.FileSystem.cpp
  System.Numerics.Vectors.cpp
  System.Linq.cpp
  System.ObjectModel.cpp
  System.Runtime.cpp
  System.Reflection.cpp
  System.Runtime.InteropServices.WindowsRuntime.cpp
  System.Runtime.Extensions.cpp
  System.Text.Encoding.cpp
  gc.c
  System.Threading.Tasks.cpp
  UnityEngine.cpp
  gzclose.c
  UnityEngine.GridModule_CodeGen.c
  il2cpp-benchmark-support.cpp
  System.Threading.cpp
  System.Diagnostics.Debug_CodeGen.c
  System.Runtime.Extensions_CodeGen.c
  System.Runtime.InteropServices.WindowsRuntime_CodeGen.c
  System.Xml.XDocument.cpp
  System.Numerics.Vectors_CodeGen.c
  Lump_libil2cpp_gc.cpp
  System.Xml.XDocument_CodeGen.c
  System.IO.FileSystem_CodeGen.c
  System.Reflection_CodeGen.c
  Lump_libil2cpp_vm-utils.cpp
  System.ObjectModel_CodeGen.c
  System.Threading.Tasks_CodeGen.c
  System.Collections_CodeGen.c
  System.Text.Encoding_CodeGen.c
  System.Threading_CodeGen.c
  System.Runtime_CodeGen.c
  System.Linq_CodeGen.c
  Lump_libil2cpp_mono.cpp
  UnityEngine_CodeGen.c
  System.IO_CodeGen.c
  Lump_libil2cpp_vm.cpp
  Lump_libil2cpp_debugger.cpp
  Lump_libil2cpp_mono-runtime.cpp
  il2cpp-runtime-stats.cpp
  Lump_libil2cpp_os.cpp
  Lump_libil2cpp_codegen.cpp
  ObjectFiles: 522 of which compiled: 522
  	Time Compile: 26686 milliseconds Unity.TextMeshPro3.cpp
  	Time Compile: 19230 milliseconds Unity.TextMeshPro2.cpp
  	Time Compile: 17716 milliseconds Il2CppTypeDefinitions.c
  	Time Compile: 16882 milliseconds System6.cpp
  	Time Compile: 14959 milliseconds Il2CppComCallableWrappers36.cpp
  	Time Compile: 14735 milliseconds Unity.TextMeshPro1.cpp
  	Time Compile: 14535 milliseconds Il2CppComCallableWrappers35.cpp
  	Time Compile: 14312 milliseconds Il2CppComCallableWrappers50.cpp
  	Time Compile: 13908 milliseconds Il2CppComCallableWrappers44.cpp
  	Time Compile: 13772 milliseconds Il2CppComCallableWrappers39.cpp
  Total compilation time: 199101 milliseconds.
  Creating library D:\Repo\ROS_ABB_Unity\ROSRobotArm15\UWP\build\obj\il2cppOutputProject\ARM\Master\linkresult_76F5204354C45B77F44D67902D2342B3\GameAssembly.lib and object D:\Repo\ROS_ABB_Unity\ROSRobotArm15\UWP\build\obj\il2cppOutputProject\ARM\Master\linkresult_76F5204354C45B77F44D67902D2342B3\GameAssembly.exp
  Total link time: 33824 milliseconds.
  Cleaned up 2 object files.
